<?xml version="1.0" encoding="UTF-8"?>
<testsuite name="com.jojoldu.book.springboot.web.IndexControllerTest" tests="1" skipped="0" failures="0" errors="0" timestamp="2022-07-02T14:41:40" hostname="DESKTOP-M7HSSRG" time="0.189">
  <properties/>
  <testcase name="메인페이지_로딩" classname="com.jojoldu.book.springboot.web.IndexControllerTest" time="0.189"/>
  <system-out><![CDATA[2022-07-02 23:41:37.786  INFO 12724 --- [    Test worker] .b.t.c.SpringBootTestContextBootstrapper : Neither @ContextConfiguration nor @ContextHierarchy found for test class [com.jojoldu.book.springboot.web.IndexControllerTest], using SpringBootContextLoader
2022-07-02 23:41:37.786  INFO 12724 --- [    Test worker] o.s.t.c.support.AbstractContextLoader    : Could not detect default resource locations for test class [com.jojoldu.book.springboot.web.IndexControllerTest]: no resource found for suffixes {-context.xml, Context.groovy}.
2022-07-02 23:41:37.786  INFO 12724 --- [    Test worker] t.c.s.AnnotationConfigContextLoaderUtils : Could not detect default configuration classes for test class [com.jojoldu.book.springboot.web.IndexControllerTest]: IndexControllerTest does not declare any static, non-private, non-final, nested classes annotated with @Configuration.
2022-07-02 23:41:37.786  INFO 12724 --- [    Test worker] .b.t.c.SpringBootTestContextBootstrapper : Found @SpringBootConfiguration com.jojoldu.book.springboot.Application for test class com.jojoldu.book.springboot.web.IndexControllerTest
2022-07-02 23:41:37.786  INFO 12724 --- [    Test worker] .b.t.c.SpringBootTestContextBootstrapper : Loaded default TestExecutionListener class names from location [META-INF/spring.factories]: [org.springframework.security.test.context.support.WithSecurityContextTestExecutionListener, org.springframework.security.test.context.support.ReactorContextTestExecutionListener, org.springframework.boot.test.autoconfigure.restdocs.RestDocsTestExecutionListener, org.springframework.boot.test.autoconfigure.web.client.MockRestServiceServerResetTestExecutionListener, org.springframework.boot.test.autoconfigure.web.servlet.MockMvcPrintOnlyOnFailureTestExecutionListener, org.springframework.boot.test.autoconfigure.web.servlet.WebDriverTestExecutionListener, org.springframework.boot.test.mock.mockito.MockitoTestExecutionListener, org.springframework.boot.test.mock.mockito.ResetMocksTestExecutionListener, org.springframework.test.context.web.ServletTestExecutionListener, org.springframework.test.context.support.DirtiesContextBeforeModesTestExecutionListener, org.springframework.test.context.support.DependencyInjectionTestExecutionListener, org.springframework.test.context.support.DirtiesContextTestExecutionListener, org.springframework.test.context.transaction.TransactionalTestExecutionListener, org.springframework.test.context.jdbc.SqlScriptsTestExecutionListener]
2022-07-02 23:41:37.786  INFO 12724 --- [    Test worker] .b.t.c.SpringBootTestContextBootstrapper : Using TestExecutionListeners: [org.springframework.test.context.web.ServletTestExecutionListener@2bfbe0ed, org.springframework.test.context.support.DirtiesContextBeforeModesTestExecutionListener@76faf493, org.springframework.boot.test.mock.mockito.MockitoTestExecutionListener@61aa058f, org.springframework.boot.test.autoconfigure.SpringBootDependencyInjectionTestExecutionListener@302ff6d, org.springframework.test.context.support.DirtiesContextTestExecutionListener@778a8b68, org.springframework.test.context.transaction.TransactionalTestExecutionListener@5675b766, org.springframework.test.context.jdbc.SqlScriptsTestExecutionListener@67c2565a, org.springframework.security.test.context.support.WithSecurityContextTestExecutionListener@732f2458, org.springframework.security.test.context.support.ReactorContextTestExecutionListener@50dd209e, org.springframework.boot.test.autoconfigure.restdocs.RestDocsTestExecutionListener@2b687364, org.springframework.boot.test.autoconfigure.web.client.MockRestServiceServerResetTestExecutionListener@5eed90d5, org.springframework.boot.test.autoconfigure.web.servlet.MockMvcPrintOnlyOnFailureTestExecutionListener@546a72b4, org.springframework.boot.test.autoconfigure.web.servlet.WebDriverTestExecutionListener@6d8a6177, org.springframework.boot.test.mock.mockito.ResetMocksTestExecutionListener@591dcf1]

  .   ____          _            __ _ _
 /\\ / ___'_ __ _ _(_)_ __  __ _ \ \ \ \
( ( )\___ | '_ | '_| | '_ \/ _` | \ \ \ \
 \\/  ___)| |_)| | | | | || (_| |  ) ) ) )
  '  |____| .__|_| |_|_| |_\__, | / / / /
 =========|_|==============|___/=/_/_/_/
 :: Spring Boot ::        (v2.1.9.RELEASE)

2022-07-02 23:41:37.817  INFO 12724 --- [    Test worker] c.j.b.s.web.IndexControllerTest          : Starting IndexControllerTest on DESKTOP-M7HSSRG with PID 12724 (started by rmsdh in C:\springboot\awsspring)
2022-07-02 23:41:37.817  INFO 12724 --- [    Test worker] c.j.b.s.web.IndexControllerTest          : No active profile set, falling back to default profiles: default
2022-07-02 23:41:38.051  INFO 12724 --- [    Test worker] .s.d.r.c.RepositoryConfigurationDelegate : Bootstrapping Spring Data repositories in DEFAULT mode.
2022-07-02 23:41:38.083  INFO 12724 --- [    Test worker] .s.d.r.c.RepositoryConfigurationDelegate : Finished Spring Data repository scanning in 32ms. Found 2 repository interfaces.
2022-07-02 23:41:38.192  INFO 12724 --- [    Test worker] trationDelegate$BeanPostProcessorChecker : Bean 'org.springframework.transaction.annotation.ProxyTransactionManagementConfiguration' of type [org.springframework.transaction.annotation.ProxyTransactionManagementConfiguration$$EnhancerBySpringCGLIB$$4b5fcf6d] is not eligible for getting processed by all BeanPostProcessors (for example: not eligible for auto-proxying)
2022-07-02 23:41:38.520  INFO 12724 --- [    Test worker] o.s.b.w.embedded.tomcat.TomcatWebServer  : Tomcat initialized with port(s): 0 (http)
2022-07-02 23:41:38.552  INFO 12724 --- [    Test worker] o.apache.catalina.core.StandardService   : Starting service [Tomcat]
2022-07-02 23:41:38.552  INFO 12724 --- [    Test worker] org.apache.catalina.core.StandardEngine  : Starting Servlet engine: [Apache Tomcat/9.0.26]
2022-07-02 23:41:38.692  INFO 12724 --- [    Test worker] o.a.c.c.C.[Tomcat].[localhost].[/]       : Initializing Spring embedded WebApplicationContext
2022-07-02 23:41:38.692  INFO 12724 --- [    Test worker] o.s.web.context.ContextLoader            : Root WebApplicationContext: initialization completed in 875 ms
2022-07-02 23:41:38.880  INFO 12724 --- [    Test worker] com.zaxxer.hikari.HikariDataSource       : HikariPool-2 - Starting...
2022-07-02 23:41:38.880  INFO 12724 --- [    Test worker] com.zaxxer.hikari.HikariDataSource       : HikariPool-2 - Start completed.
2022-07-02 23:41:38.911  INFO 12724 --- [    Test worker] o.hibernate.jpa.internal.util.LogHelper  : HHH000204: Processing PersistenceUnitInfo [
	name: default
	...]
2022-07-02 23:41:38.911  INFO 12724 --- [    Test worker] org.hibernate.dialect.Dialect            : HHH000400: Using dialect: org.hibernate.dialect.MySQL5InnoDBDialect
Hibernate: drop table if exists posts
Hibernate: drop table if exists user
Hibernate: create table posts (id bigint not null auto_increment, created_date datetime, modified_date datetime, author varchar(255), content TEXT not null, title varchar(500) not null, primary key (id)) engine=InnoDB
Hibernate: create table user (id bigint not null auto_increment, created_date datetime, modified_date datetime, email varchar(255) not null, name varchar(255) not null, picture varchar(255), role varchar(255) not null, primary key (id)) engine=InnoDB
2022-07-02 23:41:38.973  INFO 12724 --- [    Test worker] o.h.t.schema.internal.SchemaCreatorImpl  : HHH000476: Executing import script 'org.hibernate.tool.schema.internal.exec.ScriptSourceInputNonExistentImpl@50edd958'
2022-07-02 23:41:38.973  INFO 12724 --- [    Test worker] j.LocalContainerEntityManagerFactoryBean : Initialized JPA EntityManagerFactory for persistence unit 'default'
2022-07-02 23:41:39.333  INFO 12724 --- [    Test worker] o.h.h.i.QueryTranslatorFactoryInitiator  : HHH000397: Using ASTQueryTranslatorFactory
2022-07-02 23:41:39.473  INFO 12724 --- [    Test worker] o.s.s.web.DefaultSecurityFilterChain     : Creating filter chain: any request, [org.springframework.security.web.context.request.async.WebAsyncManagerIntegrationFilter@4bb6cfe4, org.springframework.security.web.context.SecurityContextPersistenceFilter@32bcb3a, org.springframework.security.web.header.HeaderWriterFilter@520f20a2, org.springframework.security.web.authentication.logout.LogoutFilter@6ddf57c9, org.springframework.security.oauth2.client.web.OAuth2AuthorizationRequestRedirectFilter@59c369b2, org.springframework.security.oauth2.client.web.OAuth2LoginAuthenticationFilter@7451e2bc, org.springframework.security.web.authentication.ui.DefaultLoginPageGeneratingFilter@307028e6, org.springframework.security.web.authentication.ui.DefaultLogoutPageGeneratingFilter@4bc85c8a, org.springframework.security.web.savedrequest.RequestCacheAwareFilter@42d7059b, org.springframework.security.web.servletapi.SecurityContextHolderAwareRequestFilter@69f63753, org.springframework.security.web.authentication.AnonymousAuthenticationFilter@90422b8, org.springframework.security.web.session.SessionManagementFilter@52b17dc6, org.springframework.security.web.access.ExceptionTranslationFilter@67e4db27, org.springframework.security.web.access.intercept.FilterSecurityInterceptor@685d146c]
2022-07-02 23:41:39.708  INFO 12724 --- [    Test worker] o.s.s.concurrent.ThreadPoolTaskExecutor  : Initializing ExecutorService 'applicationTaskExecutor'
2022-07-02 23:41:39.708  WARN 12724 --- [    Test worker] aWebConfiguration$JpaWebMvcConfiguration : spring.jpa.open-in-view is enabled by default. Therefore, database queries may be performed during view rendering. Explicitly configure spring.jpa.open-in-view to disable this warning
2022-07-02 23:41:39.739  INFO 12724 --- [    Test worker] o.s.b.a.w.s.WelcomePageHandlerMapping    : Adding welcome page template: index
2022-07-02 23:41:40.008  INFO 12724 --- [    Test worker] s.a.ScheduledAnnotationBeanPostProcessor : No TaskScheduler/ScheduledExecutorService bean found for scheduled processing
2022-07-02 23:41:40.039  INFO 12724 --- [    Test worker] o.s.b.w.embedded.tomcat.TomcatWebServer  : Tomcat started on port(s): 62119 (http) with context path ''
2022-07-02 23:41:40.039  INFO 12724 --- [    Test worker] c.j.b.s.web.IndexControllerTest          : Started IndexControllerTest in 2.253 seconds (JVM running for 11.062)
2022-07-02 23:41:40.133  INFO 12724 --- [o-auto-1-exec-2] o.a.c.c.C.[Tomcat].[localhost].[/]       : Initializing Spring DispatcherServlet 'dispatcherServlet'
2022-07-02 23:41:40.133  INFO 12724 --- [o-auto-1-exec-2] o.s.web.servlet.DispatcherServlet        : Initializing Servlet 'dispatcherServlet'
2022-07-02 23:41:40.148  INFO 12724 --- [o-auto-1-exec-2] o.s.web.servlet.DispatcherServlet        : Completed initialization in 15 ms
Hibernate: select posts0_.id as id1_0_, posts0_.created_date as created_2_0_, posts0_.modified_date as modified3_0_, posts0_.author as author4_0_, posts0_.content as content5_0_, posts0_.title as title6_0_ from posts posts0_ order by posts0_.id DESC
]]></system-out>
  <system-err><![CDATA[]]></system-err>
</testsuite>
